<?xml version="1.0" encoding="UTF-8" ?>
<testsuite failures="0" time="0.059" errors="0" skipped="0" tests="5" name="art.core.DeltaTest">
  <properties>
[...]
</properties>
  <testcase time="0.001" classname="art.core.DeltaTest" name="testSetBefore"/>
  <testcase time="0.001" classname="art.core.DeltaTest" name="testGetBefore"/>
  <testcase time="0.001" classname="art.core.DeltaTest" name="testSetAfter"/>
  <testcase time="0.001" classname="art.core.DeltaTest" name="testGetAfter"/>
  <testcase time="0.016" classname="art.core.DeltaTest" name="testGetFile"/>
</testsuite>